time=2024-07-12T15:54:24.579+05:00 level=INFO msg=""
time=2024-07-12T15:54:38.706+05:00 level=INFO msg=""
time=2024-07-12T16:26:57.385+05:00 level=INFO msg="FetchReservations method is starting"
time=2024-07-12T16:26:57.387+05:00 level=INFO msg="FetchReservations has successfully finished"
time=2024-07-12T16:28:09.931+05:00 level=INFO msg="CreateReservation method is starting"
time=2024-07-12T16:28:09.935+05:00 level=ERROR msg="error creating reservation: rpc error: code = Unavailable desc = error reading from server: EOF"
time=2024-07-12T16:29:35.667+05:00 level=INFO msg="CreateReservation method is starting"
time=2024-07-12T16:29:35.672+05:00 level=ERROR msg="error creating reservation: rpc error: code = Unavailable desc = error reading from server: EOF"
time=2024-07-12T16:31:55.250+05:00 level=INFO msg="CreateReservation method is starting"
time=2024-07-12T16:31:55.255+05:00 level=ERROR msg="error creating reservation: rpc error: code = Unavailable desc = error reading from server: EOF"
time=2024-07-12T16:33:33.105+05:00 level=INFO msg="CreateReservation method is starting"
time=2024-07-12T16:33:33.111+05:00 level=ERROR msg="error creating reservation: rpc error: code = Unavailable desc = error reading from server: EOF"
time=2024-07-12T16:34:21.548+05:00 level=INFO msg="CreateReservation method is starting"
time=2024-07-12T16:34:21.553+05:00 level=ERROR msg="error creating reservation: rpc error: code = Unavailable desc = error reading from server: EOF"
time=2024-07-12T16:36:18.367+05:00 level=INFO msg="CreateReservation method is starting"
time=2024-07-12T16:36:18.373+05:00 level=ERROR msg="error creating reservation: rpc error: code = Unavailable desc = error reading from server: EOF"
time=2024-07-12T16:37:42.486+05:00 level=INFO msg="CreateReservation method is starting"
time=2024-07-12T16:37:42.492+05:00 level=ERROR msg="error creating reservation: rpc error: code = Unavailable desc = error reading from server: EOF"
time=2024-07-12T16:37:42.972+05:00 level=INFO msg="CreateReservation method is starting"
time=2024-07-12T16:37:42.972+05:00 level=ERROR msg="error creating reservation: rpc error: code = Unavailable desc = connection error: desc = \"transport: Error while dialing: dial tcp 127.0.0.1:50052: connect: connection refused\""
time=2024-07-12T16:38:21.472+05:00 level=INFO msg="CreateReservation method is starting"
time=2024-07-12T16:38:21.473+05:00 level=ERROR msg="error creating reservation: rpc error: code = Unavailable desc = connection error: desc = \"transport: Error while dialing: dial tcp 127.0.0.1:50052: connect: connection refused\""
time=2024-07-12T16:39:20.710+05:00 level=INFO msg="CreateReservation method is starting"
time=2024-07-12T16:39:20.715+05:00 level=ERROR msg="error creating reservation: rpc error: code = Unavailable desc = error reading from server: EOF"
time=2024-07-12T16:39:56.048+05:00 level=INFO msg="CreateReservation method is starting"
time=2024-07-12T16:39:56.055+05:00 level=ERROR msg="error creating reservation: rpc error: code = Unavailable desc = error reading from server: EOF"
time=2024-07-12T16:40:47.189+05:00 level=INFO msg="CreateReservation method is starting"
time=2024-07-12T16:40:47.203+05:00 level=INFO msg="createdReservation has successfully finished"
time=2024-07-12T16:42:09.064+05:00 level=INFO msg="CreateReservation method is starting"
time=2024-07-12T16:42:09.070+05:00 level=ERROR msg="error creating reservation: rpc error: code = Unavailable desc = error reading from server: EOF"
time=2024-07-12T16:42:42.784+05:00 level=INFO msg="CreateReservation method is starting"
time=2024-07-12T16:42:42.790+05:00 level=ERROR msg="error creating reservation: rpc error: code = Unavailable desc = error reading from server: EOF"
time=2024-07-12T16:44:02.319+05:00 level=INFO msg="CreateReservation method is starting"
time=2024-07-12T16:44:02.324+05:00 level=ERROR msg="error creating reservation: rpc error: code = Unavailable desc = error reading from server: EOF"
time=2024-07-12T16:44:39.668+05:00 level=INFO msg="CreateReservation method is starting"
time=2024-07-12T16:44:39.673+05:00 level=ERROR msg="error creating reservation: rpc error: code = Unavailable desc = error reading from server: EOF"
time=2024-07-12T16:45:54.349+05:00 level=INFO msg="CreateReservation method is starting"
time=2024-07-12T16:45:54.354+05:00 level=ERROR msg="error creating reservation: rpc error: code = Unavailable desc = error reading from server: EOF"
time=2024-07-12T16:46:30.505+05:00 level=INFO msg="CreateReservation method is starting"
time=2024-07-12T16:46:30.522+05:00 level=INFO msg="createdReservation has successfully finished"
time=2024-07-12T16:49:44.234+05:00 level=INFO msg="CreateReservation method is starting"
time=2024-07-12T16:49:44.240+05:00 level=ERROR msg="error creating reservation: rpc error: code = Unavailable desc = error reading from server: EOF"
time=2024-07-12T16:50:52.951+05:00 level=INFO msg="CreateReservation method is starting"
time=2024-07-12T16:50:52.965+05:00 level=INFO msg="createdReservation has successfully finished"
time=2024-07-12T16:54:34.795+05:00 level=INFO msg="CreateReservation method is starting"
time=2024-07-12T16:54:34.801+05:00 level=ERROR msg="error creating reservation: rpc error: code = Unavailable desc = error reading from server: EOF"
time=2024-07-12T17:02:05.594+05:00 level=INFO msg="CreateReservation method is starting"
time=2024-07-12T17:02:05.597+05:00 level=ERROR msg="error creating reservation: rpc error: code = Unknown desc = user validation failed: rpc error: code = Unknown desc = failed to validate user: not found"
time=2024-07-12T17:02:49.120+05:00 level=INFO msg="CreateReservation method is starting"
time=2024-07-12T17:02:49.121+05:00 level=ERROR msg="error creating reservation: rpc error: code = Unknown desc = user validation failed: rpc error: code = Unknown desc = failed to validate user: not found"
time=2024-07-12T17:02:52.756+05:00 level=INFO msg="CreateReservation method is starting"
time=2024-07-12T17:02:52.757+05:00 level=ERROR msg="error creating reservation: rpc error: code = Unknown desc = user validation failed: rpc error: code = Unknown desc = failed to validate user: not found"
time=2024-07-12T17:03:15.792+05:00 level=INFO msg="CreateReservation method is starting"
time=2024-07-12T17:03:15.805+05:00 level=INFO msg="createdReservation has successfully finished"
time=2024-07-12T17:03:32.220+05:00 level=INFO msg="GetReservationByID method is starting"
time=2024-07-12T17:03:32.221+05:00 level=INFO msg="GetReservationByID has successfully finished"
time=2024-07-12T17:04:20.949+05:00 level=INFO msg="UpdateReservation method is starting"
time=2024-07-12T17:04:20.951+05:00 level=ERROR msg="failed to updating reservation: rpc error: code = Unknown desc = failed to update reservation: pq: date/time field value out of range: \"15.08.2025\""
time=2024-07-12T17:04:53.393+05:00 level=INFO msg="UpdateReservation method is starting"
time=2024-07-12T17:04:53.403+05:00 level=ERROR msg="failed to updating reservation: rpc error: code = Unknown desc = failed to update reservation: pq: invalid input value for enum reservation_status: \"\""
time=2024-07-12T17:12:43.858+05:00 level=INFO msg="UpdateReservation method is starting"
time=2024-07-12T17:12:43.862+05:00 level=ERROR msg="failed to updating reservation: rpc error: code = Unknown desc = failed to update reservation: pq: invalid input value for enum reservation_status: \"\""
time=2024-07-12T17:15:29.554+05:00 level=INFO msg="UpdateReservation method is starting"
time=2024-07-12T17:15:29.570+05:00 level=INFO msg="UpdateReservation has successfully finished"
time=2024-07-12T17:16:05.679+05:00 level=INFO msg="FetchReservations method is starting"
time=2024-07-12T17:16:05.680+05:00 level=INFO msg="FetchReservations has successfully finished"
time=2024-07-12T17:16:21.561+05:00 level=INFO msg="DeleteReservation method is starting"
time=2024-07-12T17:16:21.572+05:00 level=INFO msg="DeleteReservation has successfully finished"
time=2024-07-12T17:16:29.500+05:00 level=INFO msg="DeleteReservation method is starting"
time=2024-07-12T17:16:29.501+05:00 level=ERROR msg="failed to DeleteReservation: rpc error: code = Unknown desc = failed to delete reservation: sql: no rows in result set"
time=2024-07-12T17:16:53.499+05:00 level=INFO msg="UpdateReservation method is starting"
time=2024-07-12T17:16:53.500+05:00 level=ERROR msg="failed to updating reservation: rpc error: code = Unknown desc = failed to update reservation: sql: no rows in result set"
time=2024-07-12T17:17:12.142+05:00 level=INFO msg="GetReservationByID method is starting"
time=2024-07-12T17:17:12.143+05:00 level=ERROR msg="failed to GetReservationByID: rpc error: code = Unknown desc = failed to read reservation: sql: no rows in result set"
time=2024-07-12T17:19:03.904+05:00 level=INFO msg="ValidateReservation method is starting"
time=2024-07-12T17:19:03.906+05:00 level=INFO msg="ValidateReservation has successfully finished"
time=2024-07-12T17:19:21.349+05:00 level=INFO msg="ValidateReservation method is starting"
time=2024-07-12T17:19:21.350+05:00 level=INFO msg="ValidateReservation has successfully finished"
time=2024-07-12T17:20:56.384+05:00 level=INFO msg="CreateReservation method is starting"
time=2024-07-12T17:20:56.398+05:00 level=INFO msg="createdReservation has successfully finished"
time=2024-07-12T17:21:18.647+05:00 level=INFO msg="GetReservationByID method is starting"
time=2024-07-12T17:21:18.648+05:00 level=INFO msg="GetReservationByID has successfully finished"
time=2024-07-12T17:29:53.727+05:00 level=INFO msg="Order method is starting"
time=2024-07-12T17:29:53.730+05:00 level=ERROR msg="failed to Pay: rpc error: code = Unknown desc = failed to make order: failed to store order: redis: can't marshal []*reservation.ReservationOrder (implement encoding.BinaryMarshaler)"
time=2024-07-12T17:32:48.445+05:00 level=INFO msg="ValidateReservation method is starting"
time=2024-07-12T17:32:48.446+05:00 level=INFO msg="ValidateReservation has successfully finished"
time=2024-07-12T17:33:04.193+05:00 level=INFO msg="Pay method is starting"
time=2024-07-12T17:33:04.196+05:00 level=ERROR msg="failed to Pay: rpc error: code = Unknown desc = failed to find payment: rpc error: code = Unknown desc = failed to find payment: sql: no rows in result set"
time=2024-07-12T17:34:10.356+05:00 level=INFO msg="Order method is starting"
time=2024-07-12T17:34:10.357+05:00 level=ERROR msg="failed to Pay: rpc error: code = Unknown desc = failed to make order: failed to store order: redis: can't marshal []*reservation.ReservationOrder (implement encoding.BinaryMarshaler)"
time=2024-07-12T17:37:10.367+05:00 level=INFO msg="Order method is starting"
time=2024-07-12T17:37:10.367+05:00 level=ERROR msg="failed to data: json: cannot unmarshal object into Go value of type []*reservation.ReservationOrder"
time=2024-07-12T17:50:16.809+05:00 level=INFO msg="Order method is starting"
time=2024-07-12T17:50:16.809+05:00 level=ERROR msg="failed to data: json: cannot unmarshal object into Go value of type []*reservation.ReservationOrder"
time=2024-07-12T17:50:41.885+05:00 level=INFO msg="Order method is starting"
time=2024-07-12T17:50:41.885+05:00 level=ERROR msg="failed to data: json: cannot unmarshal object into Go value of type []*reservation.ReservationOrder"
time=2024-07-12T17:55:26.540+05:00 level=INFO msg="Order method is starting"
time=2024-07-12T17:55:26.540+05:00 level=ERROR msg="failed to data: json: cannot unmarshal object into Go value of type []*reservation.ReservationOrder"
time=2024-07-12T17:57:07.116+05:00 level=INFO msg="Order method is starting"
time=2024-07-12T17:57:07.118+05:00 level=ERROR msg="failed to Pay: rpc error: code = Unknown desc = failed to make order: failed to store order: redis: can't marshal []*reservation.ReservationOrder (implement encoding.BinaryMarshaler)"
time=2024-07-12T18:03:39.169+05:00 level=INFO msg="Order method is starting"
time=2024-07-12T18:03:39.172+05:00 level=ERROR msg="failed to Pay: rpc error: code = Unknown desc = failed to make order: failed to store order: redis: can't marshal []redis.Order (implement encoding.BinaryMarshaler)"
time=2024-07-12T18:06:05.010+05:00 level=INFO msg="Order method is starting"
time=2024-07-12T18:06:05.011+05:00 level=ERROR msg="failed to Pay: rpc error: code = Unavailable desc = connection error: desc = \"transport: Error while dialing: dial tcp 127.0.0.1:50052: connect: connection refused\""
time=2024-07-12T18:06:15.763+05:00 level=INFO msg="Order method is starting"
time=2024-07-12T18:06:15.765+05:00 level=ERROR msg="failed to Pay: rpc error: code = Unknown desc = failed to make order: failed to store order: redis: can't marshal []*reservation.ReservationOrder (implement encoding.BinaryMarshaler)"
time=2024-07-12T18:11:02.668+05:00 level=INFO msg="Order method is starting"
time=2024-07-12T18:11:02.676+05:00 level=ERROR msg="failed to Pay: rpc error: code = Unavailable desc = error reading from server: EOF"
time=2024-07-12T18:22:03.256+05:00 level=INFO msg="Order method is starting"
time=2024-07-12T18:22:03.260+05:00 level=ERROR msg="failed to Pay: rpc error: code = Unknown desc = failed to make order: failed to store order: redis: can't marshal []*reservation.ReservationOrder (implement encoding.BinaryMarshaler)"
time=2024-07-12T18:22:34.142+05:00 level=INFO msg="Order method is starting"
time=2024-07-12T18:22:34.145+05:00 level=ERROR msg="failed to Pay: rpc error: code = Unknown desc = failed to make order: failed to store order: redis: can't marshal []*reservation.ReservationOrder (implement encoding.BinaryMarshaler)"
time=2024-07-12T18:22:42.663+05:00 level=INFO msg="Order method is starting"
time=2024-07-12T18:22:42.671+05:00 level=ERROR msg="failed to Pay: rpc error: code = Unavailable desc = error reading from server: EOF"
time=2024-07-12T18:27:28.044+05:00 level=INFO msg="Order method is starting"
time=2024-07-12T18:27:28.052+05:00 level=ERROR msg="failed to Pay: rpc error: code = Unavailable desc = error reading from server: EOF"
time=2024-07-12T18:40:04.681+05:00 level=INFO msg="Order method is starting"
time=2024-07-12T18:40:04.685+05:00 level=ERROR msg="failed to Pay: rpc error: code = Unknown desc = failed to make order: failed to store order: ERR unknown command `JSON.SET`, with args beginning with: `reservation_order:c3a63346-04ab-4829-bb90-d274e609ab3e`, `reservation_id`, `dc7d4487-54b2-4344-b8dc-442ebcc8ca46`, "
time=2024-07-12T18:51:03.162+05:00 level=INFO msg="Order method is starting"
time=2024-07-12T18:51:03.171+05:00 level=ERROR msg="failed to Pay: rpc error: code = Unavailable desc = error reading from server: EOF"
time=2024-07-12T18:52:44.741+05:00 level=INFO msg="Order method is starting"
time=2024-07-12T18:52:44.749+05:00 level=ERROR msg="failed to Pay: rpc error: code = Unavailable desc = error reading from server: EOF"
time=2024-07-12T18:54:12.858+05:00 level=INFO msg="Order method is starting"
time=2024-07-12T18:54:12.866+05:00 level=ERROR msg="failed to Pay: rpc error: code = Unavailable desc = error reading from server: EOF"
time=2024-07-12T20:00:23.293+05:00 level=INFO msg="Order method is starting"
time=2024-07-12T20:00:23.297+05:00 level=ERROR msg="failed to Pay: rpc error: code = Unknown desc = failed to find reservation: pq: invalid input syntax for type uuid: \"\""
time=2024-07-12T20:00:47.544+05:00 level=INFO msg="Order method is starting"
time=2024-07-12T20:00:47.545+05:00 level=ERROR msg="failed to Pay: rpc error: code = Unknown desc = failed to find reservation: pq: invalid input syntax for type uuid: \"\""
time=2024-07-12T20:01:05.367+05:00 level=INFO msg="Order method is starting"
time=2024-07-12T20:01:05.369+05:00 level=ERROR msg="failed to Pay: rpc error: code = Unknown desc = failed to find reservation: pq: invalid input syntax for type uuid: \"\""
